# JRE version: Java(TM) SE Runtime Environment (8.0_241-b07) (build 1.8.0_241-b07)
# Java VM: Java HotSpot(TM) 64-Bit Server VM (25.241-b07 mixed mode linux-amd64 compressed oops)
Heap:
 PSYoungGen      total 724480K, used 97780K [0x000000076de00000, 0x00000007a5c80000, 0x00000007c0000000)
  eden space 626688K, 0% used [0x000000076de00000,0x000000076de00000,0x0000000794200000)
  from space 97792K, 99% used [0x0000000794200000,0x000000079a17d2d0,0x000000079a180000)
  to   space 26112K, 0% used [0x000000079a180000,0x000000079a180000,0x000000079bb00000)
 ParOldGen       total 442368K, used 286421K [0x00000006c9a00000, 0x00000006e4a00000, 0x000000076de00000)
  object space 442368K, 64% used [0x00000006c9a00000,0x00000006db1b5600,0x00000006e4a00000)
 Metaspace       used 30700K, capacity 32050K, committed 32256K, reserved 1077248K
  class space    used 3604K, capacity 3990K, committed 4096K, reserved 1048576K
GC Heap History (10 events):
Event: 10.709 GC heap after
Heap after GC invocations=8 (full 0):
 PSYoungGen      total 526848K, used 10107K [0x000000076de00000, 0x000000078f000000, 0x00000007c0000000)
  eden space 512000K, 0% used [0x000000076de00000,0x000000076de00000,0x000000078d200000)
  from space 14848K, 68% used [0x000000078e180000,0x000000078eb5ec00,0x000000078f000000)
  to   space 15360K, 0% used [0x000000078d200000,0x000000078d200000,0x000000078e100000)
 ParOldGen       total 169472K, used 14650K [0x00000006c9a00000, 0x00000006d3f80000, 0x000000076de00000)
  object space 169472K, 8% used [0x00000006c9a00000,0x00000006ca84e900,0x00000006d3f80000)
 Metaspace       used 20479K, capacity 21208K, committed 21248K, reserved 1069056K
  class space    used 2339K, capacity 2560K, committed 2560K, reserved 1048576K
}
Event: 10.709 GC heap before
{Heap before GC invocations=9 (full 1):
 PSYoungGen      total 526848K, used 10107K [0x000000076de00000, 0x000000078f000000, 0x00000007c0000000)
  eden space 512000K, 0% used [0x000000076de00000,0x000000076de00000,0x000000078d200000)
  from space 14848K, 68% used [0x000000078e180000,0x000000078eb5ec00,0x000000078f000000)
  to   space 15360K, 0% used [0x000000078d200000,0x000000078d200000,0x000000078e100000)
 ParOldGen       total 169472K, used 14650K [0x00000006c9a00000, 0x00000006d3f80000, 0x000000076de00000)
  object space 169472K, 8% used [0x00000006c9a00000,0x00000006ca84e900,0x00000006d3f80000)
 Metaspace       used 20479K, capacity 21208K, committed 21248K, reserved 1069056K
  class space    used 2339K, capacity 2560K, committed 2560K, reserved 1048576K
Event: 10.799 GC heap after
Heap after GC invocations=9 (full 1):
 PSYoungGen      total 526848K, used 0K [0x000000076de00000, 0x000000078f000000, 0x00000007c0000000)
  eden space 512000K, 0% used [0x000000076de00000,0x000000076de00000,0x000000078d200000)
  from space 14848K, 0% used [0x000000078e180000,0x000000078e180000,0x000000078f000000)
  to   space 15360K, 0% used [0x000000078d200000,0x000000078d200000,0x000000078e100000)
 ParOldGen       total 115712K, used 22148K [0x00000006c9a00000, 0x00000006d0b00000, 0x000000076de00000)
  object space 115712K, 19% used [0x00000006c9a00000,0x00000006cafa12f8,0x00000006d0b00000)
 Metaspace       used 20479K, capacity 21208K, committed 21248K, reserved 1069056K
  class space    used 2339K, capacity 2560K, committed 2560K, reserved 1048576K
}
Event: 13.881 GC heap before
{Heap before GC invocations=10 (full 1):
 PSYoungGen      total 526848K, used 512000K [0x000000076de00000, 0x000000078f000000, 0x00000007c0000000)
  eden space 512000K, 100% used [0x000000076de00000,0x000000078d200000,0x000000078d200000)
  from space 14848K, 0% used [0x000000078e180000,0x000000078e180000,0x000000078f000000)
  to   space 15360K, 0% used [0x000000078d200000,0x000000078d200000,0x000000078e100000)
 ParOldGen       total 115712K, used 22148K [0x00000006c9a00000, 0x00000006d0b00000, 0x000000076de00000)
  object space 115712K, 19% used [0x00000006c9a00000,0x00000006cafa12f8,0x00000006d0b00000)
 Metaspace       used 29350K, capacity 30734K, committed 30848K, reserved 1077248K
  class space    used 3499K, capacity 3920K, committed 3968K, reserved 1048576K
Event: 13.905 GC heap after
Heap after GC invocations=10 (full 1):
 PSYoungGen      total 527360K, used 15355K [0x000000076de00000, 0x000000079bb00000, 0x00000007c0000000)
  eden space 512000K, 0% used [0x000000076de00000,0x000000076de00000,0x000000078d200000)
  from space 15360K, 99% used [0x000000078d200000,0x000000078e0fedd0,0x000000078e100000)
  to   space 26112K, 0% used [0x000000079a180000,0x000000079a180000,0x000000079bb00000)
 ParOldGen       total 115712K, used 45311K [0x00000006c9a00000, 0x00000006d0b00000, 0x000000076de00000)
  object space 115712K, 39% used [0x00000006c9a00000,0x00000006cc63ffc0,0x00000006d0b00000)
 Metaspace       used 29350K, capacity 30734K, committed 30848K, reserved 1077248K
  class space    used 3499K, capacity 3920K, committed 3968K, reserved 1048576K
}
Event: 18.689 GC heap before
{Heap before GC invocations=11 (full 1):
 PSYoungGen      total 527360K, used 527355K [0x000000076de00000, 0x000000079bb00000, 0x00000007c0000000)
  eden space 512000K, 100% used [0x000000076de00000,0x000000078d200000,0x000000078d200000)
  from space 15360K, 99% used [0x000000078d200000,0x000000078e0fedd0,0x000000078e100000)
  to   space 26112K, 0% used [0x000000079a180000,0x000000079a180000,0x000000079bb00000)
 ParOldGen       total 115712K, used 45311K [0x00000006c9a00000, 0x00000006d0b00000, 0x000000076de00000)
  object space 115712K, 39% used [0x00000006c9a00000,0x00000006cc63ffc0,0x00000006d0b00000)
 Metaspace       used 29538K, capacity 30880K, committed 31104K, reserved 1077248K
  class space    used 3519K, capacity 3923K, committed 3968K, reserved 1048576K
Event: 18.849 GC heap after
Heap after GC invocations=11 (full 1):
 PSYoungGen      total 652800K, used 26094K [0x000000076de00000, 0x00000007a5c80000, 0x00000007c0000000)
  eden space 626688K, 0% used [0x000000076de00000,0x000000076de00000,0x0000000794200000)
  from space 26112K, 99% used [0x000000079a180000,0x000000079bafb990,0x000000079bb00000)
  to   space 97792K, 0% used [0x0000000794200000,0x0000000794200000,0x000000079a180000)
 ParOldGen       total 230912K, used 230732K [0x00000006c9a00000, 0x00000006d7b80000, 0x000000076de00000)
  object space 230912K, 99% used [0x00000006c9a00000,0x00000006d7b533c0,0x00000006d7b80000)
 Metaspace       used 29538K, capacity 30880K, committed 31104K, reserved 1077248K
  class space    used 3519K, capacity 3923K, committed 3968K, reserved 1048576K
}
Event: 18.849 GC heap before
{Heap before GC invocations=12 (full 2):
 PSYoungGen      total 652800K, used 26094K [0x000000076de00000, 0x00000007a5c80000, 0x00000007c0000000)
  eden space 626688K, 0% used [0x000000076de00000,0x000000076de00000,0x0000000794200000)
  from space 26112K, 99% used [0x000000079a180000,0x000000079bafb990,0x000000079bb00000)
  to   space 97792K, 0% used [0x0000000794200000,0x0000000794200000,0x000000079a180000)
 ParOldGen       total 230912K, used 230732K [0x00000006c9a00000, 0x00000006d7b80000, 0x000000076de00000)
  object space 230912K, 99% used [0x00000006c9a00000,0x00000006d7b533c0,0x00000006d7b80000)
 Metaspace       used 29538K, capacity 30880K, committed 31104K, reserved 1077248K
  class space    used 3519K, capacity 3923K, committed 3968K, reserved 1048576K
Event: 19.096 GC heap after
Heap after GC invocations=12 (full 2):
 PSYoungGen      total 652800K, used 0K [0x000000076de00000, 0x00000007a5c80000, 0x00000007c0000000)
  eden space 626688K, 0% used [0x000000076de00000,0x000000076de00000,0x0000000794200000)
  from space 26112K, 0% used [0x000000079a180000,0x000000079a180000,0x000000079bb00000)
  to   space 97792K, 0% used [0x0000000794200000,0x0000000794200000,0x000000079a180000)
 ParOldGen       total 442368K, used 229051K [0x00000006c9a00000, 0x00000006e4a00000, 0x000000076de00000)
  object space 442368K, 51% used [0x00000006c9a00000,0x00000006d79aefb0,0x00000006e4a00000)
 Metaspace       used 29538K, capacity 30880K, committed 31104K, reserved 1077248K
  class space    used 3519K, capacity 3923K, committed 3968K, reserved 1048576K
}
Event: 22.620 GC heap before
{Heap before GC invocations=13 (full 2):
 PSYoungGen      total 652800K, used 626688K [0x000000076de00000, 0x00000007a5c80000, 0x00000007c0000000)
  eden space 626688K, 100% used [0x000000076de00000,0x0000000794200000,0x0000000794200000)
  from space 26112K, 0% used [0x000000079a180000,0x000000079a180000,0x000000079bb00000)
  to   space 97792K, 0% used [0x0000000794200000,0x0000000794200000,0x000000079a180000)
 ParOldGen       total 442368K, used 229051K [0x00000006c9a00000, 0x00000006e4a00000, 0x000000076de00000)
  object space 442368K, 51% used [0x00000006c9a00000,0x00000006d79aefb0,0x00000006e4a00000)
 Metaspace       used 30700K, capacity 32050K, committed 32256K, reserved 1077248K
  class space    used 3604K, capacity 3990K, committed 4096K, reserved 1048576K

